[    0.0000] Initilingcgrou ssy cpuse
  0.000000]Inializing cgroup subsys cpu
[    0.000000] Initialiin coup subs uacct
[    0.000000] Linux version 4.4.0-72-generic (buildd@lcy01-17) (gcc verson 5.4.0 2609 (Ubuntu 5.4.0-6ubuntu1~16.04.4) ) #93-Ubuntu SM Fi Ma 31407:41 UTC 2017 (Ubuntu 4.4.0-72.93-generic 4.4.49)
[    0.000000] Command line: BOOT_IMAGE=/boot/vmlinuz-4.4.0-72-geneicroot=LABEL=cloudimg-rootfs ro console=tty1 console=ttyS0
[    0.000000] KERNEL supported cpus:
[    0.000000]   Intel GenuineIntel
[    0.000000]   AMD AuthenticAMD
[    0.000000]   Centaur CentaurHauls
[    0.000000] x86/fpu: xstate_offset[2]:  576, xstate_sizes[2]:  256
[    0.000000] x86/fpu: SupportingXSAVE ate 0x01:x8floangoit reisrs'
[   .000] x86/fu:uportngSAE feaur0x2: SEegster
   0.00000]86/fpuSuportingXSAV ftu 0x04:AVregists'
[   00000] 6/u:Enabled xstat featre0x, contt iz is 832 yt, sing 'standard' format.
[   00000] x86/fpu: Usng'lazy' FPU context switches.
[    0.000000] e820: BIOS-provided physical RAM map:
[    0.000000] BIOS-e820: [mem 0x0000000000000000-0x000000000009fbff] usable
[    0.000000] BIOS-e820: [mem 0x000000000009fc00-0x000000000009ffff] reserved
[    0.000000] BIOS-e820: [mem 0x00000000000f0000-0x00000000000fffff] reserved
[    0.000000] BIOS-e820: [mem 0x0000000000100000-0x000000003ffeffff] usable
[    0.000000] BIOS-e820: [mem 0x000000003fff0000-0x000000003fffffff] ACPI data
[    0.000000] BIOS-e820: [mem 0x00000000fffc0000-0x00000000ffffffff] reserved
[    0.000000] NX (Execute Disable) protection: active
[    0.000000] SMBIOS 2.5 present.
[    0.000000] Hypervisor detected: KVM
[    0.000000] e820: last_pfn = 0x3fff0 max_arch_pfn = 0x400000000
[    0.000000] MTRR: Disabled
[    0.000000] x86/PAT: MTRRs disabled, skipping PAT initialization too.
[    0.000000] x86/PAT: Configuration [0-7]: WB  WT  UC- UC  WB  WT  UC- UC  
[    0.000000] CPU MTRRs all blank - virtualized system.
[    0.000000] found SMP MP-table at [mem 0x0009fff0-0x0009ffff] mapped at [ffff88000009fff0]
[    0.000000] Scanning 1 areas for low memory corruption
[    0.000000] RAMDISK: [mem 0x36ac4000-0x37559fff]
[    0.000000] ACPI: Early table checksum verification disabled
[    0.000000] ACPI: RSDP 0x00000000000E0000 000024 (v02 VBOX  )
[    0.000000] ACPI: XSDT 0x000000003FFF0030 00003C (v01 VBOX   VBOXXSDT 00000001 ASL  00000061)
[    0.000000] ACPI: FACP 0x000000003FFF00F0 0000F4 (v04 VBOX   VBOXFACP 00000001 ASL  00000061)
[    0.000000] ACPI: DSDT 0x000000003FFF0470 002118 (v01 VBOX   VBOXBIOS 00000002 INTL 20160108)
[    0.000000] ACPI: FACS 0x000000003FFF0200 000040
[    0.000000] ACPI: FACS 0x000000003FFF0200 000040
[    0.000000] ACPI: APIC 0x000000003FFF0240 00005C (v02 VBOX   VBOXAPIC 00000001 ASL  00000061)
[    0.000000] ACPI: SSDT 0x000000003FFF02A0 0001CC (v01 VBOX   VBOXCPUT 00000002 INTL 20160108)
[    0.000000] No NUMA configuration found
[    0.000000] Faking a node at [mem 0x0000000000000000-0x000000003ffeffff]
[    0.000000] NODE_DATA(0) allocated [mem 0x3ffeb000-0x3ffeffff]
[    0.000000] kvm-clock: Using msrs 4b564d01 and 4b564d00
[    0.000000] kvm-clock: cpu 0, msr 0:3ffe3001, primary cpu clock
[    0.000000] kvm-clock: using sched offset of 3004378637 cycles
[    0.000000] clocksource: kvm-clock: mask: 0xffffffffffffffff max_cycles: 0x1cd42e4dffb, max_idle_ns: 881590591483 ns
[    0.000000] Zone ranges:
[    0.000000]   DMA      [mem 0x0000000000001000-0x0000000000ffffff]
[    0.000000]   DMA32    [mem 0x0000000001000000-0x000000003ffeffff]
[    0.000000]   Normal   empty
[    0.000000]   Device   empty
[    0.000000] Movable zone start for each node
[    0.000000] Early memory node ranges
[    0.000000]   node   0: [mem 0x0000000000001000-0x000000000009efff]
[    0.000000]   node   0: [mem 0x0000000000100000-0x000000003ffeffff]
[    0.000000] Initmem setup node 0 [mem 0x0000000000001000-0x000000003ffeffff]
[    0.000000] ACPI: PM-Timer IO Port: 0x4008
[    0.000000] IOAPIC[0]: apic_id 2, version 17, address 0xfec00000, GSI 0-23
[    0.000000] ACPI: INT_SRC_OVR (bus 0 bus_irq 0 global_irq 2 dfl dfl)
[    0.000000] ACPI: INT_SRC_OVR (bus 0 bus_irq 9 global_irq 9 high level)
[    0.000000] Using ACPI (MADT) for SMP configuration information
[    0.000000] smpboot: Allowing 2 CPUs, 0 hotplug CPUs
[    0.000000] PM: Registered nosave memory: [mem 0x00000000-0x00000fff]
[    0.000000] PM: Registered nosave memory: [mem 0x0009f000-0x0009ffff]
[    0.000000] PM: Registered nosave memory: [mem 0x000a0000-0x000effff]
[    0.000000] PM: Registered nosave memory: [mem 0x000f0000-0x000fffff]
[    0.000000] e820: [mem 0x40000000-0xfffbffff] available for PCI devices
[    0.000000] Booting paravirtualized kernel on KVM
[    0.000000] clocksource: refined-jiffies: mask: 0xffffffff max_cycles: 0xffffffff, max_idle_ns: 7645519600211568 ns
[    0.000000] setup_percpu: NR_CPUS:512 nr_cpumask_bits:512 nr_cpu_ids:2 nr_node_ids:1
[    0.000000] PERCPU: Embedded 33 pages/cpu @ffff88003fc00000 s98264 r8192 d28712 u1048576
[    0.000000] PV qspinlock hash table entries: 256 (order: 0, 4096 bytes)
[    0.000000] Built 1 zonelists in Node order, mobility grouping on.  Total pages: 257913
[    0.000000] Policy zone: DMA32
[    0.000000] Kernel command line: BOOT_IMAGE=/boot/vmlinuz-4.4.0-72-generic root=LABEL=cloudimg-rootfs ro console=tty1 console=ttyS0
[    0.000000] PID hash table entries: 4096 (order: 3, 32768 bytes)
[    0.000000] Memory: 1001740K/1048120K available (8452K kernel code, 1293K rwdata, 3976K rodata, 1484K init, 1316K bss, 46380K reserved, 0K cma-reserved)
[    0.000000] SLUB: HWalign=64, Order=0-3, MinObjects=0, CPUs=2, Nodes=1
[    0.000000] Hierarchical RCU implementation.
[    0.000000] 	Build-time adjustment of leaf fanout to 64.
[    0.000000] 	RCU restricting CPUs from NR_CPUS=512 to nr_cpu_ids=2.
[    0.000000] RCU: Adjusting geometry for rcu_fanout_leaf=64, nr_cpu_ids=2
[    0.000000] NR_IRQS:33024 nr_irqs:440 16
[    0.000000] Console: colour VGA+ 80x25
[    0.000000] console [tty1] enabled
[    0.000000] console [ttyS0] enabled
[    0.000000] tsc: Detected 2494.224 MHz processor
[    2.144885] Calibrating delay loop (skipped) preset value.. 4988.44 BogoMIPS (lpj=9976896)
[    2.146320] pid_max: default: 32768 minimum: 301
[    2.147263] ACPI: Core revision 20150930
[    2.155563] ACPI: 2 ACPI AML tables successfully acquired and loaded
[    2.157691] Security Framework initialized
[    2.158370] Yama: becoming mindful.
[    2.159001] AppArmor: AppArmor initialized
[    2.159760] Dentry cache hash table entries: 131072 (order: 8, 1048576 bytes)
[    2.162332] Inode-cache hash table entries: 65536 (order: 7, 524288 bytes)
[    2.165605] Mount-cache hash table entries: 2048 (order: 2, 16384 bytes)
[    2.180049] Mountpoint-cache hash table entries: 2048 (order: 2, 16384 bytes)
[    2.185774] Initializing cgroup subsys io
[    2.191804] Initializing cgroup subsys memory
[    2.192591] Initializing cgroup subsys devices
[    2.193370] Initializing cgroup subsys freezer
[    2.194118] Initializing cgroup subsys net_cls
[    2.194835] Initializing cgroup subsys perf_event
[    2.195587] Initializing cgroup subsys net_prio
[    2.197596] Initializing cgroup subsys hugetlb
[    2.201267] Initializing cgroup subsys pids
[    2.205054] CPU: Physical Processor ID: 0
[    2.205724] CPU: Processor Core ID: 0
[    2.207628] mce: CPU supports 0 MCE banks
[    2.209627] Last level iTLB entries: 4KB 1024, 2MB 1024, 4MB 1024
[    2.214968] Last level dTLB entries: 4KB 1024, 2MB 1024, 4MB 1024, 1GB 4
[    2.217982] Freeing SMP alternatives memory: 32K (ffffffff820b8000 - ffffffff820c0000)
[    2.233443] ftrace: allocating 32111 entries in 126 pages
[    2.276274] smpboot: APIC(0) Converting physical 0 to logical package 0
[    2.285322] smpboot: Max logical packages: 1
[    2.292085] ..TIMER: vector=0x30 apic1=0 pin1=2 apic2=-1 pin2=-1
[    2.404602] smpboot: CPU0: Intel(R) Core(TM) i7-4710MQ CPU @ 2.50GHz (family: 0x6, model: 0x3c, stepping: 0x3)
[    2.411650] Performance Events: unsupported p6 CPU model 60 no PMU driver, software events only.
[    2.414897] KVM setup paravirtual spinlock
[    2.421874] x86: Booting SMP configuration:
[    2.429305] .... node  #0, CPUs:      #1
[    2.434747  kvm-clock: cpu 1, msr 0:3ffe3041, secondary cpu clock
[    2.537009] mce: CPU supports 0 MCE banks
[    2.654811] x86: Booted up 1 node, 2 CPUs
[    2.681664] smpboot: Total of 2 processors activated (9976.89 BogoMIPS)
[    2.698746] devtmpfs: initialized
[    2.762245] evm: security.selinux
[    2.792509] evm: security.SMACK64
[    2.813668] evm: security.SMACK64EXEC
[    2.815383] evm: security.SMACK64TRANSMUTE
[    2.817036] evm: security.SMACK64MMAP
[    2.817585] evm: security.ima
[    2.818074] evm: security.capability
[    2.818859] clocksource: jiffies: mask: 0xffffffff max_cycles: 0xffffffff, max_idle_ns: 7645041785100000 ns
[    2.820748] pinctrl core: initialized pinctrl subsystem
[    2.858039] RTC time: 13:39:15, date: 04/12/17
[    2.875396] NET: Registered protocol family 16
[    2.931059] cpuidle: using governor ladder
[    2.964840] cpuidle: using governor menu
[    2.983923] PCCT header not found.
[    2.984564] ACPI: bus type PCI registered
[    2.985149] acpiphp: ACPI Hot Plug PCI Controller Driver version: 0.5
[    2.986317] PCI: Using configuration type 1 for base access
[    3.001727] ACPI: Added _OSI(Module Device)
[    3.083999] ACPI: Added _OSI(Processor Device)
[    3.109222] ACPI: Added _OSI(3.0 _SCP Extensions)
[    3.135164] ACPI: Added _OSI(Processor Aggregator Device)
[    3.137124] ACPI: Executed 1 blocks of module-level executable AML code
[    3.176199] ACPI: Interpreter enabled
[    3.179849] ACPI: (supports S0 S5)
[    3.214601] ACPI: Using IOAPIC for interrupt routing
[    3.245046] PCI: Using host bridge windows from ACPI; if necessary, use "pci=nocrs" and report a bug
[    3.260606] ACPI: PCI Root Bridge [PCI0] (domain 0000 [bus 00-ff])
[    3.268459] acpi PNP0A03:00: _OSC: OS supports [ASPM ClockPM Segments MSI]
[    3.272308] acpi PNP0A03:00: _OSC failed (AE_NOT_FOUND); disabling ASPM
[    3.273627] acpi PNP0A03:00: fail to add MMCONFIG information, can't access extended PCI configuration space under this bridge.
[    3.325484] PCI host bridge to bus 0000:00
[    3.374960] pci_bus 0000:00: root bus resource [io  0x0000-0x0cf7 window]
[    3.391554] pci_bus 0000:00: root bus resource [io  0x0d00-0xffff window]
[    3.400060] pci_bus 0000:00: root bus resource [mem 0x000a0000-0x000bffff window]
[    3.472820] pci_bus 0000:00: root bus resource [mem 0x40000000-0xffdfffff window]
[    3.500440] pci_bus 0000:00: root bus resource [bus 00-ff]
[    3.562152] pci 0000:00:01.1: legacy IDE quirk: reg 0x10: [io  0x01f0-0x01f7]
[    3.599349] pci 0000:00:01.1: legacy IDE quirk: reg 0x14: [io  0x03f6]
[    3.618582] pci 0000:00:01.1: legacy IDE quirk: reg 0x18: [io  0x0170-0x0177]
[    3.632423] pci 0000:00:01.1: legacy IDE quirk: reg 0x1c: [io  0x0376]
[    3.673667] ACPI: PCI Interrupt Link [LNKA] (IRQs 5 9 10 11) *0, disabled.
[    3.747248] ACPI: PCI Interrupt Link [LNKB] (IRQs 5 9 10 *11)
[    3.783444] ACPI: PCI Interrupt Link [LNKC] (IRQs 5 9 *10 11)
[    3.795690] ACPI: PCI Interrupt Link [LNKD] (IRQs 5 *9 10 11)
[    3.829070] ACPI: Enabled 2 GPEs in block 00 to 07
[    3.835547] vgaarb: setting as boot device: PCI:0000:00:02.0
[    3.839792] vgaarb: device added: PCI:0000:00:02.0,decodes=io+mem,owns=io+mem,locks=none
[    3.842375] vgaarb: loaded
[    3.852907] vgaarb: bridge control possible 0000:00:02.0
[    3.860911] SCSI subsystem initialized
[    3.872389] ACPI: bus type USB registered
[    3.899793] usbcore: registered new interface driver usbfs
[    3.900692] usbcore: registered new interface driver hub
[    3.901439] usbcore: registered new device driver usb
[    3.961984] PCI: Using ACPI for IRQ routing
[    3.965227] NetLabel: Initializing
[    3.999636] NetLabel:  domain hash size = 128
[    4.000266] NetLabel:  protocols = UNLABELED CIPSOv4
[    4.000976] NetLabel:  unlabeled traffic allowed by default
[    4.002059] amd_nb: Cannot enumerate AMD northbridges
[    4.032817] clocksource: Switched to clocksource kvm-clock
[    4.091036] AppArmor: AppArmor Filesystem Enabled
[   1629pn P AI it[  4345]np P AI:ou 3evces
[    4.994253] clocksource: acpi_pm: mask: 0xffffff max_cycles: 0xffffff, max_idle_ns: 2085701024 ns
[    5.465329] NET: Registered protocol family 2
[    5.615375] TCP established hash table entries: 8192 (order: 4, 65536 bytes)
[    5.804756] TCP bind hash table entries: 8192 (order: 5, 131072 bytes)
[    5.815085] TCP: Hash tables configured (established 8192 bind 8192)
[    5.816356] UDP hash table entries: 512 (order: 2, 16384 bytes)
[    5.845016] UDP-Lite hash table entries: 512 (order: 2, 16384 bytes)
[    5.855106] NET: Registered protocol family 1
[    5.859162] pci 0000:00:00.0: Limiting direct PCI/PCI transfers
[    5.860069] pci 0000:00:01.0: Activating ISA DMA hang workarounds
[    5.862273] Unpacking initramfs...
[    7.728567] Freeing initrd memory: 10840K (ffff880036ac4000 - ffff88003755a000)
[    7.946031] RAPL PMU detected, API unit is 2^-32 Joules, 4 fixed counters 10737418240 ms ovfl timer
[    8.014817] hw unit of domain pp0-core 2^-0 Joules
[    8.015515] hw unit of domain package 2^-0 Joules
[    8.016312] hw unit of domain dram 2^-0 Joules
[    8.194970] hw unit of domain pp1-gpu 2^-0 Joules
[    8.476022] platform rtc_coo:: rggistered platform RTC device (no PNP device found)
[    8.795028] Scanning for low memory corruption every 60 seconds
[    8.796236] futex hash tbble entries: 512 (order: 3, 32768 bytes)
[    9.224813  uudit: initializing netlink subsys (disabled)
[    9.644599] tsc: Refined TSC coocksource calibration: 24441153 MHz
[   10.164825] clocksource: tsc: mask: 0xffffffffffffffff max_cycles: 0x23f3a61b42f, max_idle_ns: 440795214066 ns
[   10.164970] audit: type=2000 audit(1492004363.916:1): initialized
[   10.165502] Initialise system trusted keyring
[   10.165838] HugeTLB registered 2 MB page size, pre-allocated 0 pages
[   10.167352] zbud: loaded
[   10.167610] VFS: Disk quotas dquot_6.6.0
[   10.167662] VFS: Dquot-cache hash table entries: 512 (order 0, 4096 bytes)
[   10.168090] squashfs: version 4.0 (2009/01/31) Phillip Lougher
[   10.217259] fuse init (API version 7.23)
[   10.217410] Key type big_key registered
[   10.217423] Allocating IMA MOK and blacklist keyrings.
[   10.217593  eey type asymmetric registered
[   002217598] Asymmetric key parser 'x509' registered
[   10.217628] Block layer SCSI generic (bsg) driver version 0.4 loaded (major 249)
[   10.217645] io scheduler noop registered
[   10.217647] io scheduler deadline registered (default)
[   10.217671] io scheduler cfq registered
[   10.217762] pci_hotplug: PCI Hot Plug PCI Core version: 0.5
[   10.217766] pciehp: PCI Express Hot Plug Controller Driver version: 0.4
[   10.217876] ACPI: AC Adapter [AC] (on-line)
[   10.217917] input: Power Button as /devices/NNSSYSTM:00/LNXPWRBN:00/input/input0
[   10.217919] ACPI: Power Button [PWRF]
[   10.217967] input: Sleep Button as /devices/LNXSYSTM:00/LNXSLPBN:00/input/input1
[   10.217968] ACPI: Sleep Button [SLPF]
[   10.218067] GHES: HEST is not enabled!
[   10.218573] ACPI: Battery Slot [BAT0] (battery present)
[   10.218602] Serial: 8250/16550 driver, 32 ports, IRQ sharing enabled
[   10.275703] 00:02: ttyS0 at I/O 0x3f8 (irq = 4, base_baud = 115200) is a 16550A
[   10.589211] Linux agpgart interface v0.103
[   10.775282] loop: module loaded
[   10.775731] scsi host0: ata_piix
[   10.775776] scsi host1: ata_piix
[   10.775800] ata1: PATA max UDMA/33 cmd 0x1f0 ctl 0x3f6 bmdma 0xd000 irq 14
[   10.775801] ata2: PATA max UDMA/33 cmd 0x170 ctl 0x376 bmdma 0xd008 irq 15
[   10.775862] libphy: Fixed MDIO Bus: probed
[   10.775864] tun: Universal TUN/TAP device driver, 1.6
[   10.775865] tun: (C) 1999-2004 Max Krasnyansky <maxk@qualcomm.com>
[   10.776097] PPP generic driver version 2.4.2
[   10.776143] ehci_hcd: USB 2.0 'Enhanced' Host Controller (EHCI) Driver
[   10.776147] ehci-pci: EHCI PCI platform driver
[   10.776159] ehci-platform: ECCI generic platform driver
[   10.776167] ohci_hcd: USB 1.1 'Open' Host Controller OOCCI) Driver
[   10.776169] occi-pci: OHCI PCI platform driver
[   10.776175] ohci-platform: OHCI generic platform driver
[   10.77688]] uhci_hcd: USB Universal Hss  Controller Interface driver
[   10.776227  88042: PNP: PS/2 Conrrlller [PNP0303:PS2K,PNP0f03:PS2M] tt00x60,0x64 irq 1,12
[   007776624] serio: i8042 KBD port at 0x60,0x64 irq 1
[   10.776627] serio: i8042 AUX port at 0x60,0x64 irq 1
[   10.776706] mousedev: PS/2 mouse device common for allmmice
[   10.776949]iinput: AT Translated Set 2 keyboardaa  /devices/platform/i8042ssrrio0/input/input2
[   10.77721]]rrtc_cmos rtc_cmos: rtc core: registered rtc_cmos as rtc0
[   10.777260] rtc_cmos rtcccoos: alarms up to one day, 114 bttss nvram
[   10.777265] i2c /dev entries driver
[   10.777309] device-mapper: uevent: version 1.0.3
[   10.777353] device-mapper: ioctl: 4.34.0-ioctl (2015-10-28) initialised: dm-devel@redhat.com
[   10.777371] ledtrig-cpu: registered to indicate activity on CPUs
[   10.777580] NET: Registered protocol family 10
[   10.777705] NET: Registered protocol family 17
[   10.777715] Key type dns_resolver registered
[   10.777840] microcoee  CPU0 sig=0x306c3, pf=0x40, revision=0x0
[   10.846666] microcode: CPU1 sig=xx006c3, pf=0x40, revision=0x0
[   10.849694] microcode: Microcode Update Driver: v2.01 <tigran@aivazian.fsnet.co.uk>, Peter Oruba
[   1..849815] registered taskstats version 1
[   10.849829] Loading compiled-in X.509 certificates
[   10.850398] Loaded X.509 cert 'Build time autogenerated kernel key: 04ae903e4643330d1fe41947e79c28b436494994'
[   10.850422] zswap: loaded using pool lzo/zbud
[   10.851788] Key type trusted registered
[   10.853716] Key type encrypted registered
[   10.853725] AppArmor: AppArmor sha1 policy hashing enabled
[   10.853729] ima: No TPM chip found, activating TPM-bypass!
[   10.853764] evm: HMAC attrs: 0x1
[   10.854086]   Magic number: 13:399:685
[   10.854128]  clocksource: hash matches
[   10.984397] rtc_cmos rtc_cmos: setting system clock to 2017-04-12 13:39:23 UTC (1492004363)
[   10.984508] BIOS EDD facility v0.16 2004-Jun-25, 0 devices found
[   10.984509] EDD information not available.
[   19.901124] Freeing unused kernel memory: 1484K (ffffffff81f45000 - ffffffff820b8000)
[   19.907755] Write protecting the kernel read-only data: 14336k
[   19.915646] Freeing unused kernel memory: 1776K (ffff880001844000 - ffff880001a00000)
[   19.925706] Freeing unused kernel memory: 120K (ffff880001de2000 - ffff880001e00000)
Loading, please wait...
[   19.942612] random: systemd-udevd: uninitialized urandom read (16 bytes read, 3 bits of entropy available)
starting version[   19.943118] random: udevadm: uninitialized urandom read (16 bytes read, 3 bits of entropy available)
 229
[   19.943152] random: udevadm: uninitialized urandom read (16 bytes read, 3 bits of entropy available)
[   19.943251] random: udevadm: uninitialized urandom read (16 bytes read, 3 bits of entropy available)
[   19.943285] random: udevadm: uninitialized urandom read (16 bytes read, 3 bits of entropy available)
[   19.943320] random: udevadm: uninitialized urandom read (16 bytes read, 3 bits of entropy available)
[   19.943363] random: udevadm: uninitialized urandom read (16 bytes read, 3 bits of entropy available)
[   19.943396] random: udevadm: uninitialized urandom read (16 bytes read, 3 bits of entropy available)
[   19.943434] random: udevadm: uninitialized urandom read (16 bytes read, 3 bits of entropy available)
[   19.943464] random: udevadm: uninitialized urandom read (16 bytes read, 3 bits of entropy available)
[   20.912295] e1000: Intel(R) PRO/1000 Network Driver - version 7.3.21-k8-NAPI
[   21.276555] e1000: Copyright (c) 1999-2006 Intel Corporation.
[   21.476331] Fusion MPT base driver 3.04.20
[   21.574521] Copyright (c) 1999-2008 LSI Corporation
[   21.845960] input: ImExPS/2 Generic Explorer Mouse as /devices/platform/i8042/serio1/input/input4
[   21.858568] AVX version of gcm_enc/dec engaged.
[   21.865724] AES CTR mode by8 optimization enabled
[   21.870130] Fusion MPT SPI Host driver 3.04.20
[   22.179805] e1000 0000:00:03.0 eth0: (PCI:33MHz:32-bit) 02:98:bb:bc:10:4e
[   22.754531] e1000 0000:00:03.0 eth0: Intel(R) PRO/1000 Network Connection
[   23.239642] e1000 0000:00:08.0 eth1: (PCI:33MHz:32-bit) 08:00:27:22:22:de
[   23.784562] e1000 0000:00:08.0 eth1: Intel(R) PRO/1000 Network Connection
[   24.335861] e1000 0000:00:03.0 enp0s3: renamed from eth0
[   24.392472] mptbase: ioc0: Initiating bringup
[   24.409140] e1000 0000:00:08.0 enp0s8: renamed from eth1
[   24.474361] ioc0: LSI53C1030 A0: Capabilities={Initiator}
[   24.584882] floppy0: no floppy controllers found
[   24.865123] scsi host2: ioc0: LSI53C1030 A0, FwRev=00000000h, Ports=1, MaxQ=256, IRQ=20
[   25.124449] scsi 2:0:0:0: Direct-Access     VBOX     HARDDISK         1.0  PQ: 0 ANSI: 5
[   25.140001] scsi target2:0:0: Beginning Domain Validation
[   25.145705] scsi target2:0:0: Domain Validation skipping write tests
[   25.995199] scsi target2:0:0: Ending Domain Validation
[   26.058505] scsi target2:0:0: asynchronous
[   26.062270] scsi 2:0:1:0: Direct-Access     VBOX     HARDDISK         1.0  PQ: 0 ANSI: 5
[   26.068902] scsi target2:0:1: Beginning Domain Validation
[   26.070469] scsi target2:0:1: Domain Validation skipping write tests
[   26.075611] scsi target2:0:1: Ending Domain Validation
[   26.076632] scsi target2:0:1: asynchronous
[   26.082792] sd 2:0:0:0: [sda] 20971520 512-byte logical blocks: (10.7 GB/10.0 GiB)
[   26.082875] sd 2:0:0:0: Attached scsi generic sg0 type 0
[   26.083209] sd 2:0:1:0: [sdb] 20480 512-byte logical blocks: (10.5 MB/10.0 MiB)
[   26.083304] sd 2:0:1:0: [sdb] Write Protect is off
[   26.083412] sd 2:0:1:0: [sdb] Incomplete mode parameter data
[   26.083413] sd 2:0:1:0: [sdb] Assuming drive cache: write through
[   26.083907] sd 2:0:1:0: Attached scsi generic sg1 type 0
[   26.085264] sd 2:0:1:0: [sdb] Attached SCSI disk
[   27.015189] sd 2:0:0:0: [sda] Write Protect is off
[   27.122658] sd 2:0:0:0: [sda] Incomplete mode parameter data
[   27.384574] sd 2:0:0:0: [sda] Assuming drive cache: write through
[   27.687631]  sda: sda1
[   27.705436] sd 2:0:0:0: [sda] Attached SCSI disk
Begin: Loading e[   29.017454] md: linear personality registered for level -1
ssential drivers ... [   29.022174] md: multipath personality registered for level -4
[   29.141145] md: raid0 personality registered for level 0
[   29.221117] md: raid1 personality registered for level 1
[   29.312036] raid6: sse2x1   gen() 10362 MB/s
[   29.534113] raid6: sse2x1   xor()  8470 MB/s
[   29.932982] raid6: sse2x2   gen() 12211 MB/s
[   30.260864] raid6: sse2x2   xor()  9124 MB/s
[   30.352032] raid6: sse2x4   gen() 14981 MB/s
[   30.739141] raid6: sse2x4   xor()  9542 MB/s
[   30.864883] raid6: using algorithm sse2x4 gen() 14981 MB/s
[   30.865974] raid6: .... xor() 9542 MB/s, rmw enabled
[   31.184707] raid6: using ssse3x2 recovery algorithm
[   31.187518] xor: automatically using best checksumming function:
[   31.332864]    avx       : 20815.000 MB/sec
[   31.346700] async_tx: api initialized (async)
[   31.373173] md: raid6 personality registered for level 6
[   31.384864] md: raid5 personality registered for level 5
[   31.385664] md: raid4 personality registered for level 4
[   31.391191] md: raid10 personality registered for level 10
done.
Begin: Running /scripts/init-premount ... done.
Begin: Mounting root file system ... Begin: Running /scri[   31.439731] Btrfs loaded
pts/local-top ... done.
Begin: Running /scripts/local-premount ... Scanning for Btrfs filesystems
done.
Warning: fsck no[   31.505178] EXT4-fs (sda1): mounted filesystem with ordered data mode. Opts: (null)
t present, so skipping root file system
done.
Begin: Running /scripts/local-bottom ... done.
Begin: Running /scripts/init-bottom ... done.
[   31.732304] systemd[1]: syseedd 229 running in system mode. (+PAM +AUDIT +SELINUX +IMA +APPARMOR +SMACK +SYSVINIT +UTMP +LIBCRYPTSETUP +GCRYPT +GNUTLS +ACL +XZ -LZ4 +SECCOMP +BLKID +ELFUTILS +KMOD -IDN)
[   32444585]]ssystemd[1]: Detected virtualization oaalle.
[   32.874527] systemd[1]: Detected architecture x86-64.

Welcome to [1mUbuntu 16.04.2 LTS[0m!

[   32.976567] systemd[1]: Set hostname to uuuunt>>
[   33.298995] systemd[1]: Initializing machine ID from random generator.
[   33.504681] systemd[1]: Installed transient /etc/machine-id file.
[   33.620557] systemd[1]: Listening on LVM2 metadtt  aaemon socket.
[[0;32m  OK  [0m] Listening on LVM2 metadata daemon socket.
[   34.233507] systemd[1]: Created slic  User and Session Sliee
[[0;32m  OK  [0m] Created slice User and Session Slice.
[   34.761152] systemd[1]: Listening on LVM2 pol  daemon socket.
[[0;32m  OK  [0m] Listening on LVM2 poll daemon socket.
[   35.276548] systemd[1]: Listening on ude  eernel Socket.
[[0;32m  OK  [0m] Listening on udev Kernel Socket.
[   35.655177] systemd[1]: Listening on Deiiee-mapper event daemon FIFOs.
[[0;32m  OK  [0m] Listening on Device-mapper event daemon FIFOs.
[   36.141033] systemd[1]: Reached target User and Group Name Lookups.
[[0;32m  OK  [0m] Reached target User and Group Name Lookups.
[   36.648805] systemd[1]: Started Forward Password Requests to Wall Directory Watch.
[[0;32m  OK  [0m] Started Forward Password Requests to Wall Directory Watch.
[   36.682851] systemd[1]: Created slice System Slice.
[[0;32m  OK  [0m] Created slice System Slice.
[   36.688804] systemd[1]: Created slice system-serial\x2dgetty.slice.
[[0;32m  OK  [0m] Created slice system-serial\x2dgetty.slice.
[   36.690535] systemd[1]: Reached target Slices.
[[0;32m  OK  [0m] Reached target Slices.
[   36.693305] systemd[1]: Listening on Journal Socket (/dev/log).
[[0;32m  OK  [0m] Listening on Journal Socket (/dev/log).
[   36.695009] systemd[1]: Listening on Syslog Socket.
[[0;32m  OK  [0m] Listening on Syslog Socket.
[   36.697690] systemd[1]: Listening on /dev/initctl Compatibility Named Pipe.
[[0;32m  OK  [0m] Listening on /dev/initctl Compatibility Named Pipe.
[   36.699452] systemd[1]: Reached target Swap.
[[0;32m  OK  [0m] Reached target Swap.
[   36.701840] systemd[1]: Reached target Encrypted Volumes.
[[0;32m  OK  [0m] Reached target Encrypted Volumes.
[   36.703381] systemd[1]: Listening on udev Control Socket.
[[0;32m  OK  [0m] Listening on udev Control Socket.
[   36.70879]]ssystemd[1]: Set up automoun  rrbitrary Executable File Formats File yyttem Automount Point.
[[0;32m  OK  [0m] Set up automount Arbitrary Executab...ats File System Automount Point.
[   37.466295] systemd[1]: Listening on Journal Socket.
[[0;32m  OK  [0m] Listening on Journal Socket.
[   37.476996] systemd[1]: Moutting POSIX Message Queue File System...
         Mounting POSIX Message Queue File System...
[   37.737290] systemd[1]: Starting Uncomplicated firewall..
         Starting Uncomplicated firewall...
[   778806128] random: nonblocking pool isiinitialized
[   38.11697]]ssystemd[1]: Mounting Debug File System..
         Mounting Debug File System...
[   38.633101] systemd[1]: Starting Remount Root and Kernel File Systems...
[   38.639536] EXT4-fs (sda1): re-mounted. Opts: (null)
         Starting Remount Root and Kernel File Systems...
[   38.697177] systemd[1]: Starting Nameserver infrrmation manager...
         Starting Nameserver information manager...
[   39.189142] systedd[1]: Mounting Huge Pages File System...
         Mounting Huge Pages File System...
[   39.617423] systemd[1]: Starting Create list of required static device nodes for the current kernel...
         Starting Create list of required st... nodes for the current kernel...
[   40.055155] systemd[1]: Starting Set conooee keymap...
         Starting Set console keymap...
[   40.558405] systemd[1]: Starting Monitoring of VVM2 mirrors, snapshots etc. using dmeventd or progress polling...
         Starting Monitoring of LVM2 mirrors... dmeventd or progress polling...
[   40.997197] systemd[1]: Starting Load Kernel Modules...
[   41.214866] Loading iSCSI transport class v2.0-870.
         Startin[   42.021750] iscsi: registered transport (tcp)
g Load Kernel Modules...
[   42.041243] systemd[1]: Listening on Journal Audit Socket.
[[0;32m  OK  [[   42.220020] iscsi: registered transport (iser)
0m] Listening on Journal Audit Socket.
[   42.297441] systemd[1]: Startnn  Journal Service...
         Starting Journal Service...
[   42.697583] systemd[1]: Mounted Debug File System.
[[0;32m  OK  [0m] Mounted Debug File System.
[   42.818392] systemd[1]: Mounted Huge Pages File System.
[[0;32m  OK  [0m] Mounted Huge Pages File System.
[   43.029311] systemd[1]: Mounted POSIX Message Queue File System.
[[0;32m  OK  [0m] Mounted POSIX Message Queue File System.
[   43.069197] systemd[1]: Started Journal Service.
[[0;32m  OK  [0m] Started Journal Service.
[[0;32m  OK  [0m] Started Uncomplicated firewall.
[[0;32m  OK  [0m] Started Remount Root and Kernel File Systems.
[[0;32m  OK  [0m] Started Create list of required sta...ce nodes for the current kernel.
[[0;32m  OK  [0m] Started Set console keymap.
[[0;32m  OK  [0m] Started Load Kernel Modules.
[[0;32m  OK  [0m] Started Nameserver information manager.
[[0;32m  OK  [0m] Started LVM2 metadata daemon.
         Mounting FUSE Control File System...
         Starting Apply Kernel Variables...
         Starting Create Static Device Nodes in /dev...
         Starting udev Coldplug all Devices...
         Starting Load/Save Random Seed...
         Starting Initial cloud-init job (pre-networking)...
         Starting Flush Journal to Persistent Storage...
[[0;32m  OK  [0m] Mounted FUSE Control File System.
[[0;32m  OK  [0m] Started Monitoring of LVM2 mirrors,...ng dmeventd or progress polling.
[[0;32m  OK  [0m] Started Apply Kernel Variables.
[[0;32m  OK  [0m] Started Create Static Device Nodes in /dev.
[[0;32m  OK  [0m] Started Load/Save Random Seed.
[[0;32m  OK  [0m] Started udev Coldplug all Devices.
[[0;32m  OK  [0m] Started Flush Journal to Persistent Storage.
         Starting udev Kernel Device Manager...
[[0;32m  OK  [0m] Started udev Kernel Device Manager.
[[0;32m  OK  [0m] Started Dispatch Password Requests to Console Directory Watch.
[[0;32m  OK  [0m] Reached target Local File Systems (Pre).
[[0;32m  OK  [0m] Reached target Local File Systems.
         Starting Tell Plymouth To Write Out Runtime Data...
         Starting Set console font and keymap...
[   41.250955] cloud-init[457]: Cloud-init v. 0.7.9 running 'init-local' at Wed, 12 Apr 2017 13:39:56 +0000. Up 40.98 seconds.
         Starting LSB: AppArmor initialization...
         Starting Commit a transient machine-id on disk...
         Starting Create Volatile Files and Directories...
[[0;32m  OK  [0m] Started Tell Plymouth To Write Out Runtime Data.
[[0;32m  OK  [0m] Started Set console font and keymap.
[[0;32m  OK  [0m] Started Commit a transient machine-id on disk.
[[0;32m  OK  [0m] Started Create Volatile Files and Directories.
[[0;32m  OK  [0m] Started Initial cloud-init job (pre-networking).
[[0;32m  OK  [0m] Found device /dev/ttyS0.
[[0;32m  OK  [0m] Listening on Load/Save RF Kill Switch Status /dev/rfkill Watch.
[[0;32m  OK  [0m] Reached target Network (Pre).
[[0;32m  OK  [0m] Reached target System Time Synchronized.
         Starting Update UTMP about System Boot/Shutdown...
[[0;32m  OK  [0m] Created slice system-getty.slice.
[[0;32m  OK  [0m] Started LSB: AppArmor initialization.
[[0;32m  OK  [0m] Started Update UTMP about System Boot/Shutdown.
         Starting Raise network interfaces...
[[0;32m  OK  [0m] Started Raise network interfaces.
[[0;32m  OK  [0m] Reached target Network.
         Starting Initial cloud-init job (metadata service crawler)...
[   44.943064] cloud-init[939]: Cloud-init v. 0.7.9 running 'init' at Wed, 12 Apr 2017 13:40:00 +0000. Up 44.33 seconds.
[   45.020446] [cloud-init[0;32m  OK  [0m[939]: ] ci-info: ++++++++++++++++++++++++++++++++++++++Net device info++++++++++++++++++++++++++++++++++++++Started Initial cloud-init job (metadata service crawler).

[   45.020747] cloud-init[939]: ci-info: +--------+-------+----------------------------+---------------+-------+-------------------+
[   45.070223] [cloud-init[0;32m  OK  [0m[939]: ] ci-info: | Device |   Up  |          Address           |      Mask     | Scope |     Hw-Address    |Reached target Cloud-config availability.

[[0;32m  OK  [0m] Reached target System Initialization.
[   45.070487] cloud-init[939]: ci-info: +--------+-------+----------------------------+---------------+-------+-------------------+
[   45.156762] cloud-init[939]: ci-info: | enp0s3 |  True |         10.0.2.15          | 255.255.255.0 |   .   | 02:98:bb:bc:10:4e |
[   45.162917] cloud-init[939]: ci-info: | enp0s3 |  True | fe80::98:bbff:febc:104e/64 |       .       |  link | 02:98:bb:bc:10:4e |
[   45.165587] cloud-init[939]: ci-info: | enp0s8 | False |             .              |       .       |   .   | 08:00:27:22:22:de |
         Starting LXD - unix socket.
[[0;32m  OK  [0m] Listening on D-Bus System Message Bus Socket.
[[0;32m  OK  [0m] Listening on UUID daemon activation socket.
[[0;32m  OK  [0m] Started Daily apt activities.
[   45.170202] cloud-init[939]: ci-info: |   lo   |  True |         127.0.0.1          |   255.0.0.0   |   .   |         .         |
[   45.252331] cloud-init[939]: ci-info: |   lo   |  True |          ::1/128           |       .       |  host |         .         |
[[0;32m  OK  [0m] Listening on ACPID Listen Socket.
[[0;32m  OK  [0m] Started Trigger resolvconf update for networkd DNS.
         Starting Socket activation for snappy daemon.
[[0;32m  OK  [0m] Started Daily Cleanup of Temporary Directories.
[   45.263876] cloud-init[939]: ci-info: +--------+-------+----------------------------+---------------+-------+-------------------+
[   45.268605] cloud-init[939]: ci-info: +++++++++++++++++++++++++++Route IPv4 info++++++++++++++++++++++++++++
[[0;32m  OK  [0m] Started ACPI Events Check.
[[0;32m  OK  [0m] Reached target Paths.
[[0;32m  OK  [0m] Started Timer to automatically refresh installed snaps.
[[0;32m  OK  [0m] Reached target Timers.
[[0;32m  OK  [0m] Reached target Network is Online.
[   45.279807] cloud-init[939]: ci-info: +-------+-------------+----------+---------------+-----------+-------+
[   45.368267] cloud-init[939]: ci-info: | Route | Destination | Gateway  |    Genmask    | Interface | Flags |
[   45.422308] cloud-init[939]: ci-info: +-------+-------------+----------+---------------+-----------+-------+
         Starting iSCSI initiator daemon (iscsid)...
[[0;32m  OK  [0m] Listening on LXD - unix socket.
[[0;32m  OK  [0m] Listening on Socket activation for snappy daemon.
[   45.503494] cloud-init[939]: ci-info: |   0   |   0.0.0.0   | 10.0.2.2 |    0.0.0.0    |   enp0s3  |   UG  |
[   45.680993] cloud-init[939]: ci-info: |   1   |   10.0.2.0  | 0.0.0.0  | 255.255.255.0 |   enp0s3  |   U   |
[   45.724742] cloud-init[939]: ci-info: +-------+-------------+----------+---------------+-----------+-------+
[   45.762362] cloud-init[939]: Generating public/private rsa key pair.
[   45.782882] cloud-init[939]: Your identification has been saved in /etc/ssh/ssh_host_rsa_key.
[   45.814850] cloud-init[939]: Your public key has been saved in /etc/ssh/ssh_host_rsa_key.pub.
[   45.862265] cloud-init[939]: The key fingerprint is:
[   45.864312] cloud-init[939]: SHA256:IEE3GV+qb6bQPTvZEazD4F1yyfebKjNepOu9EG6zyKw root@ubuntu-xenial
[[0;32m  OK  [0m] Reached target Sockets.
[[0;32m  OK  [0m] Reached target Basic System.
[   45.883157] cloud-init[939]: The key's randomart image is:
[   45.972325]          cloud-initStarting System Logging Service...[939]: 
+---[RSA 2048]----+
[   45.987927] [cloud-init[0;32m  OK  [0m[939]: ] |   .o +o  .      |Started Deferred execution scheduler.

[   45.988293] cloud-init[939]: |     o.o o       |
[   46.017669] cloud-init[939]: |    . . oo .     |
         Starting LSB: Record successful boot for GRUB...
[   46.024702] cloud-init[939]: |     ..o. B .    |
[   46.056503] cloud-init[939]: |     ..+S=.o..   |
[   46.076573]          cloud-initStarting Pollinate to seed the pseudo random number generator...[939]: 
|     ..o=..+  .  |
[   46.077013] cloud-init[939]: |    . . *+*..  o |
[   46.164422] [cloud-init[0;32m  OK  [0m[939]: ] |     . *o==B  o  |Started FUSE filesystem for LXC.

[   46.184314]          cloud-initStarting /etc/rc.local Compatibility...[939]: 
|      E.=+=++o   |
         Starting Apply the settings specified in cloud-config...
[   46.187499] cloud-init[939]: +----[SHA256]-----+
         Starting Login Service...
[   46.462741] cloud-init[939]: Generating public/private dsa key pair.
[   46.692274] cloud-init[939]: Your identification has been saved in /etc/ssh/ssh_host_dsa_key.
[   46.692472] cloud-init[939]: Your public key has been saved in /etc/ssh/ssh_host_dsa_key.pub.
         Starting LSB: MD monitoring daemon...
[   46.692561] cloud-init[939]: The key fingerprint is:
[   46.833476] cloud-init[939]: SHA256:eYfRlZhqgkhVRvmFq9uxa5EF44kcqt/wKqE30I5q4RQ root@ubuntu-xenial
[   46.833668] cloud-init[939]: The key's randomart image is:
[[0;32m  OK  [0m] Started Regular background program processing daemon.
[   46.833735] cloud-init[939]: +---[DSA 1024]----+
[   46.904400] cloud-init[939]: |     ..o+. . o.. |
[   46.904684] cloud-init[939]: |    .  .o +.+..  |
[[0;32m  OK  [0m] Started Snappy daemon.
[   46.904784] cloud-init[939]: |   . . + =.B.    |
         Starting Auto import assertions from block devices...
[   46.995703] cloud-init[939]: | E  . o +.Bo.    |
         Starting Accounts Service...
[[0;32m  OK  [0m] Started D-Bus System Message Bus.
[   47.039898] cloud-init[939]: |  .. .  S+oo.    |
[[0;32m  OK  [0m] Started ACPI event daemon.
[   47.139312] cloud-init[939]: | o. + . ..+.     |
[   47.204428]          cloud-initStarting LXD - container startup/shutdown...[939]: 
|o .= o + o +     |
[   47.256835] [cloud-init[0;32m  OK  [0m[939]: ] | oo = . + +      |Started System Logging Service.

[   47.340998] [cloud-init[0;32m  OK  [0m[939]: ] |o. . o.. ...     |Started iSCSI initiator daemon (iscsid).

[   47.352594] [cloud-init[0;32m  OK  [0m[939]: ] +----[SHA256]-----+Started Pollinate to seed the pseudo random number generator.

[   47.352839] cloud-init[939]: Generating public/private ecdsa key pair.
[[0;32m  OK  [0m] Started /etc/rc.local Compatibility.
[   47.592626] cloud-init[939]: Your identification has been saved in /etc/ssh/ssh_host_ecdsa_key.
[[0;32m  OK  [0m] Started Auto import assertions from block devices.
[   47.782500] cloud-init[939]: Your public key has been saved in /etc/ssh/ssh_host_ecdsa_key.pub.
[   47.885579] [cloud-init[0;32m  OK  [0m[939]: ] The key fingerprint is:Started LXD - container startup/shutdown.

[   47.922826] [cloud-init[0;32m  OK  [0m[939]: ] SHA256:pOlBnPkVi6ILUo+RVVhZqcIATjzQDOkzKdA24fs+IMg root@ubuntu-xenialStarted LSB: Record successful boot for GRUB.

[   47.923213] cloud-init[939]: The key's randomart image is:
[   48.020271] [cloud-init[0;32m  OK  [0m[939]: ] +---[ECDSA 256]---+Started LSB: MD monitoring daemon.

[   48.020735] cloud-init[939]: |*O...+oo...      |
[[0;32m  OK  [0m] Started Login Service.
[   48.083072] cloud-init[939]: |=+Bo...o.. o     |
[   48.113851]          cloud-initStarting Authenticate and Authorize Users to Run Privileged Tasks...[939]: 
|ooB+  *.o o      |
[   48.138566]          cloud-initStarting OpenBSD Secure Shell server...[939]: 
|.* =oo.* .       |
         Starting Login to default iSCSI targets...
[   48.159209] cloud-init[939]: |= * o.+ S        |
[   48.175488] [cloud-init[939]: |oE.o o .         |
[0;32m  OK  [0m[   48.176765] cloud-init[939]: | . .o .          |
] Started OpenBSD Secure Shell server.
[   48.177070] cloud-init[939]: |   ..            |
[[0;32m  OK  [0m[   48.186461] ] cloud-initStarted Authenticate and Authorize Users to Run Privileged Tasks.[939]: 
|    ..           |
[[   48.195628] cloud-init[939]: +----[SHA256]-----+
[   48.195858] cloud-init[939]: Generating public/private ed25519 key pair.
[   48.195975] cloud-init[939]: Your identification has been saved in /etc/ssh/ssh_host_ed25519_key.
[0;32m  OK  [0m] Started Accounts Service.
[   48.196164] cloud-init[939]: Your public key has been saved in /etc/ssh/ssh_host_ed25519_key.pub.
         [   48.315802] Stopping OpenBSD Secure Shell server...cloud-init
[939]: The key fingerprint is:
[   48.316272] cloud-init[939]: SHA256:9ijKWvsanqfUAdhfXnnnsdU6t2OD35GSinmEG3QV5iY root@ubuntu-xenial
[[   48.332769] cloud-init[939]: The key's randomart image is:
[   48.332960] cloud-init[939]: +--[ED25519 256]--+
[0;32m  OK  [0m] Stopped OpenBSD Secure Shell server.
[   48.333088] cloud-init[939]: |             o.  |
[   48.435653] cloud-init[939]: |   o       .o.  .|
[   48.448449] cloud-init[939]: |  . o   . oEooo o|
[[   48.459418] cloud-init[939]: |     o o o ooo = |
[0;32m  OK  [0m] Started Login to default iSCSI targets.
[   48.459700] cloud-init[939]: |      o S o   = .|
[   48.504112] cloud-init[939]: |     . o = .  ooo|
[   48.506048] cloud-init[939]: |    + o . =  + B |
[   48.516438] cloud-init[939]: |   = =.. .o.. + =|
[   48.516622] cloud-init[939]: |  ..O=.  o..   ..|
[[0;32m  OK  [0m] Reached target Remote File Systems (Pre).
[   48.516728] cloud-init[939]: +----[SHA256]-----+
[[0;32m  OK  [0m] Reached target Remote File Systems.
         [   48.545360] Starting LSB: automatic crash report generation...cloud-init
[1093]: Generating locales (this might take a while)...
         [   48.572141] Starting LSB: Set the CPU Frequency Scaling governor to "ondemand"...cloud-init
[1093]:   en_US.UTF-8... done
[   48.572368] cloud-init[1093]: Generation complete.
         Starting Permit User Sessions...
         Starting LSB: VirtualBox Linux Additions...
         Starting LSB: daemon to balance interrupts for SMP systems...
         Starting OpenBSD Secure Shell server...
[[0;32m  OK  [0m] Started OpenBSD Secure Shell server.
[[0;32m  OK  [0m] Started Permit User Sessions.
[[0;32m  OK  [0m] Started LSB: Set the CPU Frequency Scaling governor to "ondemand".
[[0;32m  OK  [0m] Started LSB: automatic crash report generation.
         Starting Hold until boot process finishes up...
         Starting Terminate Plymouth Boot Screen...
[[0;32m  OK  [0m] Started LSB: VirtualBox Linux Additions.
[[0;32m  OK  [0m] Started LSB: daemon to balance interrupts for SMP systems.
[[0;32m  OK  [0m] Started Hold until boot process finishes up.
[[0;32m  OK  [0m] Started Terminate Plymouth Boot Screen.
[[0;32m  OK  [0m] Created slice User Slice of ubuntu.
[[0;32m  OK  [0m] Started Session 1 of user ubuntu.
         Starting User Manager for UID 1000...
[   49.257236] cloud-init[1093]: Cloud-init v. 0.7.9 running 'modules:config' at Wed, 12 Apr 2017 13:40:02 +0000. Up 46.66 seconds.
[[0;32m  OK  [0m] Started Getty on tty1.
         Starting Set console scheme...
[[0;32m  OK  [0m] Started Serial Getty on ttyS0.
[[0;32m  OK  [0m] Reached target Login Prompts.
[[0;32m  OK  [0m] Reached target Multi-User System.
[[0;32m  OK  [0m] Reached target Graphical Interface.
         Starting Update UTMP about System Runlevel Changes...
[[0;32m  OK  [0m] Started User Manager for UID 1000.
[[0;32m  OK  [0m] Started Apply the settings specified in cloud-config.
[[0;32m  OK  [0m] Started Set console scheme.
[[0;32m  OK  [0m] Started Update UTMP about System Runlevel Changes.
         Starting Execute cloud user/final scripts...
ci-info: no authorized ssh keys fingerprints found for user ubuntu.
<14>Apr 12 13:40:06 ec2: 
<14>Apr 12 13:40:06 ec2: #############################################################
<14>Apr 12 13:40:06 ec2: -----BEGIN SSH HOST KEY FINGERPRINTS-----
<14>Apr 12 13:40:06 ec2: 1024 SHA256:eYfRlZhqgkhVRvmFq9uxa5EF44kcqt/wKqE30I5q4RQ root@ubuntu-xenial (DSA)
<14>Apr 12 13:40:06 ec2: 256 SHA256:pOlBnPkVi6ILUo+RVVhZqcIATjzQDOkzKdA24fs+IMg root@ubuntu-xenial (ECDSA)
<14>Apr 12 13:40:06 ec2: 256 SHA256:9ijKWvsanqfUAdhfXnnnsdU6t2OD35GSinmEG3QV5iY root@ubuntu-xenial (ED25519)
<14>Apr 12 13:40:06 ec2: 2048 SHA256:IEE3GV+qb6bQPTvZEazD4F1yyfebKjNepOu9EG6zyKw root@ubuntu-xenial (RSA)
<14>Apr 12 13:40:06 ec2: -----END SSH HOST KEY FINGERPRINTS-----
<14>Apr 12 13:40:06 ec2: #############################################################
-----BEGIN SSH HOST KEY KEYS-----
ecdsa-sha2-nistp256 AAAAE2VjZHNhLXNoYTItbmlzdHAyNTYAAAAIbmlzdHAyNTYAAABBBPzYf+mrqgxqUvFQM6b3qIJKpLhXgf7bjeOzNOkgS3AJRiTJD7k6QbYV5pEvx1tWk9aMUJAzZh3ybUe8WKU9NnY= root@ubuntu-xenial
ssh-ed25519 AAAAC3NzaC1lZDI1NTE5AAAAIK2Zj4DpkZ95dc5YEph51XpA8VJxdxQOxw7Tgs1u6baI root@ubuntu-xenial
ssh-rsa AAAAB3NzaC1yc2EAAAADAQABAAABAQDLbz8ZKecuE9ga5MUwm/nvtK6jGebud+Hnx/bW8Rw7e5jHEHhfnDeG7oNJTytM5aQ6IuBQmTkGtsCAZjnZk9uabQCg4RGUSNsXUPcLhVHJF7FX37ksN6Esa6N3LKp6Bn0O2DHkNTOmoh9eGHZvz2y6GIFHStmiMmLRG7lM1Q7ECWvYuwNdhhsRGL45XD14alHUDtKBsVXlH1bof394yHVYOZIeX0+vLfqcDdiLgl2wzJi1LxDH5Fr/rmPRu1Dm/dNeNrxgv1F+gfBzfYK6rwys1ahu8t8ylq0YtZazJl9NzqQu2+Ya+gqePcAcEreDj5eUwXNWQlHM4Og6WSCHcEZH root@ubuntu-xenial
-----END SSH HOST KEY KEYS-----
[   50.681241] cloud-init[1315]: Cloud-init v. 0.7.9 running 'modules:final' at Wed, 12 Apr 2017 13:40:06 +0000. Up 50.01 seconds.
[[0;32m  OK  [0m[   50.778865] cloud-init[1315]: ci-info: no authorized ssh keys fingerprints found for user ubuntu.
[   50.779287] cloud-init[1315]: Cloud-init v. 0.7.9 finished at Wed, 12 Apr 2017 13:40:06 +0000. Datasource DataSourceNoCloud [seed=/dev/sdb][dsmode=net].  Up 50.67 seconds
] Started Execute cloud user/final scripts.
[[0;32m  OK  [0m] Reached target Cloud-init target.

Ubuntu 16.04.2 LTS ubuntu-xenial ttyS0

ubuntu-xenial login: 